<?xml version="1.0" encoding="UTF-8"?>
<testsuite name="com.recetario.backend.repository.CategoriaRepositoryIntegrationTest" tests="1" skipped="0" failures="0" errors="0" timestamp="2021-04-22T14:30:14" hostname="DESKTOP-TTCIFSV" time="2.113">
  <properties/>
  <testcase name="testCategoriaCreate()" classname="com.recetario.backend.repository.CategoriaRepositoryIntegrationTest" time="2.113"/>
  <system-out><![CDATA[2021-04-22 16:30:14.700  INFO 16832 --- [    Test worker] .b.t.c.SpringBootTestContextBootstrapper : Neither @ContextConfiguration nor @ContextHierarchy found for test class [com.recetario.backend.repository.CategoriaRepositoryIntegrationTest], using SpringBootContextLoader
2021-04-22 16:30:14.702  INFO 16832 --- [    Test worker] o.s.t.c.support.AbstractContextLoader    : Could not detect default resource locations for test class [com.recetario.backend.repository.CategoriaRepositoryIntegrationTest]: no resource found for suffixes {-context.xml, Context.groovy}.
2021-04-22 16:30:14.703  INFO 16832 --- [    Test worker] t.c.s.AnnotationConfigContextLoaderUtils : Could not detect default configuration classes for test class [com.recetario.backend.repository.CategoriaRepositoryIntegrationTest]: CategoriaRepositoryIntegrationTest does not declare any static, non-private, non-final, nested classes annotated with @Configuration.
2021-04-22 16:30:14.712  INFO 16832 --- [    Test worker] .b.t.c.SpringBootTestContextBootstrapper : Found @SpringBootConfiguration com.recetario.backend.BackendApplication for test class com.recetario.backend.repository.CategoriaRepositoryIntegrationTest
2021-04-22 16:30:14.714  INFO 16832 --- [    Test worker] .b.t.c.SpringBootTestContextBootstrapper : Loaded default TestExecutionListener class names from location [META-INF/spring.factories]: [org.springframework.boot.test.autoconfigure.restdocs.RestDocsTestExecutionListener, org.springframework.boot.test.autoconfigure.web.client.MockRestServiceServerResetTestExecutionListener, org.springframework.boot.test.autoconfigure.web.servlet.MockMvcPrintOnlyOnFailureTestExecutionListener, org.springframework.boot.test.autoconfigure.web.servlet.WebDriverTestExecutionListener, org.springframework.boot.test.autoconfigure.webservices.client.MockWebServiceServerTestExecutionListener, org.springframework.boot.test.mock.mockito.MockitoTestExecutionListener, org.springframework.boot.test.mock.mockito.ResetMocksTestExecutionListener, org.springframework.test.context.web.ServletTestExecutionListener, org.springframework.test.context.support.DirtiesContextBeforeModesTestExecutionListener, org.springframework.test.context.event.ApplicationEventsTestExecutionListener, org.springframework.test.context.support.DependencyInjectionTestExecutionListener, org.springframework.test.context.support.DirtiesContextTestExecutionListener, org.springframework.test.context.transaction.TransactionalTestExecutionListener, org.springframework.test.context.jdbc.SqlScriptsTestExecutionListener, org.springframework.test.context.event.EventPublishingTestExecutionListener]
2021-04-22 16:30:14.714  INFO 16832 --- [    Test worker] .b.t.c.SpringBootTestContextBootstrapper : Using TestExecutionListeners: [org.springframework.test.context.web.ServletTestExecutionListener@7914db22, org.springframework.test.context.support.DirtiesContextBeforeModesTestExecutionListener@48ce92f9, org.springframework.test.context.event.ApplicationEventsTestExecutionListener@3bf6248d, org.springframework.boot.test.mock.mockito.MockitoTestExecutionListener@7d0c6785, org.springframework.boot.test.autoconfigure.SpringBootDependencyInjectionTestExecutionListener@221e6ecd, org.springframework.test.context.support.DirtiesContextTestExecutionListener@1e7b792d, org.springframework.test.context.transaction.TransactionalTestExecutionListener@14a3f423, org.springframework.test.context.jdbc.SqlScriptsTestExecutionListener@a8d997d, org.springframework.test.context.event.EventPublishingTestExecutionListener@5bb4e6e7, org.springframework.boot.test.autoconfigure.restdocs.RestDocsTestExecutionListener@1e435ead, org.springframework.boot.test.autoconfigure.web.client.MockRestServiceServerResetTestExecutionListener@15caa3aa, org.springframework.boot.test.autoconfigure.web.servlet.MockMvcPrintOnlyOnFailureTestExecutionListener@736a961f, org.springframework.boot.test.autoconfigure.web.servlet.WebDriverTestExecutionListener@f95d54b, org.springframework.boot.test.autoconfigure.webservices.client.MockWebServiceServerTestExecutionListener@ba74422, org.springframework.boot.test.mock.mockito.ResetMocksTestExecutionListener@4b30610f]
Hibernate: select next_val as id_val from hibernate_sequence for update
Hibernate: update hibernate_sequence set next_val= ? where next_val=?
Hibernate: insert into categoria (nombre, id) values (?, ?)
Hibernate: select categoria0_.id as id1_0_1_, categoria0_.nombre as nombre2_0_1_, platos1_.categoria_id as categori5_1_3_, platos1_.id as id1_1_3_, platos1_.id as id1_1_0_, platos1_.calorias as calorias2_1_0_, platos1_.categoria_id as categori5_1_0_, platos1_.descripcion as descripc3_1_0_, platos1_.nombre as nombre4_1_0_, platos1_.procedencia_id as proceden6_1_0_ from categoria categoria0_ left outer join plato platos1_ on categoria0_.id=platos1_.categoria_id where categoria0_.id=?
Hibernate: update categoria set nombre=? where id=?
Hibernate: select categoria0_.id as id1_0_0_, categoria0_.nombre as nombre2_0_0_ from categoria categoria0_ where categoria0_.id=?
Hibernate: select categoria0_.id as id1_0_0_, categoria0_.nombre as nombre2_0_0_ from categoria categoria0_ where categoria0_.id=?
Hibernate: select platos0_.categoria_id as categori5_1_0_, platos0_.id as id1_1_0_, platos0_.id as id1_1_1_, platos0_.calorias as calorias2_1_1_, platos0_.categoria_id as categori5_1_1_, platos0_.descripcion as descripc3_1_1_, platos0_.nombre as nombre4_1_1_, platos0_.procedencia_id as proceden6_1_1_ from plato platos0_ where platos0_.categoria_id=?
Hibernate: delete from categoria where id=?
Hibernate: select categoria0_.id as id1_0_0_, categoria0_.nombre as nombre2_0_0_ from categoria categoria0_ where categoria0_.id=?
]]></system-out>
  <system-err><![CDATA[]]></system-err>
</testsuite>
