<?xml version="1.0" encoding="UTF-8"?>
<testsuite name="com.recetario.backend.controller.CategoriaRestControllerUnitTest" tests="1" skipped="0" failures="0" errors="0" timestamp="2021-04-22T14:30:14" hostname="DESKTOP-TTCIFSV" time="0.172">
  <properties/>
  <testcase name="testCategoriaRestControllerGetAll()" classname="com.recetario.backend.controller.CategoriaRestControllerUnitTest" time="0.172"/>
  <system-out><![CDATA[]]></system-out>
  <system-err><![CDATA[]]></system-err>
</testsuite>
