<?xml version="1.0" encoding="UTF-8"?>
<testsuite name="com.recetario.backend.BackendApplicationTests" tests="1" skipped="0" failures="0" errors="0" timestamp="2021-04-22T14:30:14" hostname="DESKTOP-TTCIFSV" time="0.198">
  <properties/>
  <testcase name="contextLoads()" classname="com.recetario.backend.BackendApplicationTests" time="0.198"/>
  <system-out><![CDATA[16:30:06.950 [Test worker] DEBUG org.springframework.test.context.BootstrapUtils - Instantiating CacheAwareContextLoaderDelegate from class [org.springframework.test.context.cache.DefaultCacheAwareContextLoaderDelegate]
16:30:06.964 [Test worker] DEBUG org.springframework.test.context.BootstrapUtils - Instantiating BootstrapContext using constructor [public org.springframework.test.context.support.DefaultBootstrapContext(java.lang.Class,org.springframework.test.context.CacheAwareContextLoaderDelegate)]
16:30:07.000 [Test worker] DEBUG org.springframework.test.context.BootstrapUtils - Instantiating TestContextBootstrapper for test class [com.recetario.backend.BackendApplicationTests] from class [org.springframework.boot.test.context.SpringBootTestContextBootstrapper]
16:30:07.012 [Test worker] INFO org.springframework.boot.test.context.SpringBootTestContextBootstrapper - Neither @ContextConfiguration nor @ContextHierarchy found for test class [com.recetario.backend.BackendApplicationTests], using SpringBootContextLoader
16:30:07.016 [Test worker] DEBUG org.springframework.test.context.support.AbstractContextLoader - Did not detect default resource location for test class [com.recetario.backend.BackendApplicationTests]: class path resource [com/recetario/backend/BackendApplicationTests-context.xml] does not exist
16:30:07.017 [Test worker] DEBUG org.springframework.test.context.support.AbstractContextLoader - Did not detect default resource location for test class [com.recetario.backend.BackendApplicationTests]: class path resource [com/recetario/backend/BackendApplicationTestsContext.groovy] does not exist
16:30:07.017 [Test worker] INFO org.springframework.test.context.support.AbstractContextLoader - Could not detect default resource locations for test class [com.recetario.backend.BackendApplicationTests]: no resource found for suffixes {-context.xml, Context.groovy}.
16:30:07.018 [Test worker] INFO org.springframework.test.context.support.AnnotationConfigContextLoaderUtils - Could not detect default configuration classes for test class [com.recetario.backend.BackendApplicationTests]: BackendApplicationTests does not declare any static, non-private, non-final, nested classes annotated with @Configuration.
16:30:07.062 [Test worker] DEBUG org.springframework.test.context.support.ActiveProfilesUtils - Could not find an 'annotation declaring class' for annotation type [org.springframework.test.context.ActiveProfiles] and class [com.recetario.backend.BackendApplicationTests]
16:30:07.132 [Test worker] DEBUG org.springframework.context.annotation.ClassPathScanningCandidateComponentProvider - Identified candidate component class: file [C:\Users\Alejandro\Workspace\Recetario\backend\build\classes\java\main\com\recetario\backend\BackendApplication.class]
16:30:07.133 [Test worker] INFO org.springframework.boot.test.context.SpringBootTestContextBootstrapper - Found @SpringBootConfiguration com.recetario.backend.BackendApplication for test class com.recetario.backend.BackendApplicationTests
16:30:07.272 [Test worker] DEBUG org.springframework.boot.test.context.SpringBootTestContextBootstrapper - @TestExecutionListeners is not present for class [com.recetario.backend.BackendApplicationTests]: using defaults.
16:30:07.273 [Test worker] INFO org.springframework.boot.test.context.SpringBootTestContextBootstrapper - Loaded default TestExecutionListener class names from location [META-INF/spring.factories]: [org.springframework.boot.test.autoconfigure.restdocs.RestDocsTestExecutionListener, org.springframework.boot.test.autoconfigure.web.client.MockRestServiceServerResetTestExecutionListener, org.springframework.boot.test.autoconfigure.web.servlet.MockMvcPrintOnlyOnFailureTestExecutionListener, org.springframework.boot.test.autoconfigure.web.servlet.WebDriverTestExecutionListener, org.springframework.boot.test.autoconfigure.webservices.client.MockWebServiceServerTestExecutionListener, org.springframework.boot.test.mock.mockito.MockitoTestExecutionListener, org.springframework.boot.test.mock.mockito.ResetMocksTestExecutionListener, org.springframework.test.context.web.ServletTestExecutionListener, org.springframework.test.context.support.DirtiesContextBeforeModesTestExecutionListener, org.springframework.test.context.event.ApplicationEventsTestExecutionListener, org.springframework.test.context.support.DependencyInjectionTestExecutionListener, org.springframework.test.context.support.DirtiesContextTestExecutionListener, org.springframework.test.context.transaction.TransactionalTestExecutionListener, org.springframework.test.context.jdbc.SqlScriptsTestExecutionListener, org.springframework.test.context.event.EventPublishingTestExecutionListener]
16:30:07.304 [Test worker] INFO org.springframework.boot.test.context.SpringBootTestContextBootstrapper - Using TestExecutionListeners: [org.springframework.test.context.web.ServletTestExecutionListener@2e111b2, org.springframework.test.context.support.DirtiesContextBeforeModesTestExecutionListener@4e01201, org.springframework.test.context.event.ApplicationEventsTestExecutionListener@2b6a7b24, org.springframework.boot.test.mock.mockito.MockitoTestExecutionListener@38c0daf8, org.springframework.boot.test.autoconfigure.SpringBootDependencyInjectionTestExecutionListener@32a620d3, org.springframework.test.context.support.DirtiesContextTestExecutionListener@36525c9c, org.springframework.test.context.transaction.TransactionalTestExecutionListener@4e99b229, org.springframework.test.context.jdbc.SqlScriptsTestExecutionListener@7030b618, org.springframework.test.context.event.EventPublishingTestExecutionListener@7313b075, org.springframework.boot.test.autoconfigure.restdocs.RestDocsTestExecutionListener@5701b437, org.springframework.boot.test.autoconfigure.web.client.MockRestServiceServerResetTestExecutionListener@548a5c04, org.springframework.boot.test.autoconfigure.web.servlet.MockMvcPrintOnlyOnFailureTestExecutionListener@217fa0fb, org.springframework.boot.test.autoconfigure.web.servlet.WebDriverTestExecutionListener@4f012cb9, org.springframework.boot.test.autoconfigure.webservices.client.MockWebServiceServerTestExecutionListener@157b9962, org.springframework.boot.test.mock.mockito.ResetMocksTestExecutionListener@13178db5]
16:30:07.311 [Test worker] DEBUG org.springframework.test.context.support.AbstractDirtiesContextTestExecutionListener - Before test class: context [DefaultTestContext@1802bf2c testClass = BackendApplicationTests, testInstance = [null], testMethod = [null], testException = [null], mergedContextConfiguration = [WebMergedContextConfiguration@1d6829be testClass = BackendApplicationTests, locations = '{}', classes = '{class com.recetario.backend.BackendApplication}', contextInitializerClasses = '[]', activeProfiles = '{}', propertySourceLocations = '{}', propertySourceProperties = '{org.springframework.boot.test.context.SpringBootTestContextBootstrapper=true}', contextCustomizers = set[org.springframework.boot.test.autoconfigure.actuate.metrics.MetricsExportContextCustomizerFactory$DisableMetricExportContextCustomizer@4bd0bc33, org.springframework.boot.test.autoconfigure.properties.PropertyMappingContextCustomizer@0, org.springframework.boot.test.autoconfigure.web.servlet.WebDriverContextCustomizerFactory$Customizer@4826b3c1, org.springframework.boot.test.context.filter.ExcludeFilterContextCustomizer@6704ebd0, org.springframework.boot.test.json.DuplicateJsonObjectContextCustomizerFactory$DuplicateJsonObjectContextCustomizer@55f43588, org.springframework.boot.test.mock.mockito.MockitoContextCustomizer@0, org.springframework.boot.test.web.client.TestRestTemplateContextCustomizer@4261fdcd, org.springframework.boot.test.context.SpringBootTestArgs@1, org.springframework.boot.test.context.SpringBootTestWebEnvironment@2e85831b], resourceBasePath = 'src/main/webapp', contextLoader = 'org.springframework.boot.test.context.SpringBootContextLoader', parent = [null]], attributes = map['org.springframework.test.context.web.ServletTestExecutionListener.activateListener' -> true]], class annotated with @DirtiesContext [false] with mode [null].
16:30:07.368 [Test worker] DEBUG org.springframework.test.context.support.TestPropertySourceUtils - Adding inlined properties to environment: {spring.jmx.enabled=false, org.springframework.boot.test.context.SpringBootTestContextBootstrapper=true}

  .   ____          _            __ _ _
 /\\ / ___'_ __ _ _(_)_ __  __ _ \ \ \ \
( ( )\___ | '_ | '_| | '_ \/ _` | \ \ \ \
 \\/  ___)| |_)| | | | | || (_| |  ) ) ) )
  '  |____| .__|_| |_|_| |_\__, | / / / /
 =========|_|==============|___/=/_/_/_/
 :: Spring Boot ::                (v2.4.5)

2021-04-22 16:30:07.703  INFO 16832 --- [    Test worker] c.r.backend.BackendApplicationTests      : Starting BackendApplicationTests using Java 15.0.2 on DESKTOP-TTCIFSV with PID 16832 (started by Alejandro in C:\Users\Alejandro\Workspace\Recetario\backend)
2021-04-22 16:30:07.705  INFO 16832 --- [    Test worker] c.r.backend.BackendApplicationTests      : No active profile set, falling back to default profiles: default
2021-04-22 16:30:08.503  INFO 16832 --- [    Test worker] .s.d.r.c.RepositoryConfigurationDelegate : Bootstrapping Spring Data JPA repositories in DEFAULT mode.
2021-04-22 16:30:08.597  INFO 16832 --- [    Test worker] .s.d.r.c.RepositoryConfigurationDelegate : Finished Spring Data repository scanning in 85 ms. Found 3 JPA repository interfaces.
2021-04-22 16:30:09.289  INFO 16832 --- [    Test worker] o.hibernate.jpa.internal.util.LogHelper  : HHH000204: Processing PersistenceUnitInfo [name: default]
2021-04-22 16:30:09.383  INFO 16832 --- [    Test worker] org.hibernate.Version                    : HHH000412: Hibernate ORM core version 5.4.30.Final
2021-04-22 16:30:09.562  INFO 16832 --- [    Test worker] o.hibernate.annotations.common.Version   : HCANN000001: Hibernate Commons Annotations {5.1.2.Final}
2021-04-22 16:30:09.696  INFO 16832 --- [    Test worker] com.zaxxer.hikari.HikariDataSource       : HikariPool-1 - Starting...
2021-04-22 16:30:10.740  INFO 16832 --- [    Test worker] com.zaxxer.hikari.HikariDataSource       : HikariPool-1 - Start completed.
2021-04-22 16:30:10.760  INFO 16832 --- [    Test worker] org.hibernate.dialect.Dialect            : HHH000400: Using dialect: org.hibernate.dialect.MySQL5InnoDBDialect
2021-04-22 16:30:12.485  INFO 16832 --- [    Test worker] o.h.e.t.j.p.i.JtaPlatformInitiator       : HHH000490: Using JtaPlatform implementation: [org.hibernate.engine.transaction.jta.platform.internal.NoJtaPlatform]
2021-04-22 16:30:12.501  INFO 16832 --- [    Test worker] j.LocalContainerEntityManagerFactoryBean : Initialized JPA EntityManagerFactory for persistence unit 'default'
2021-04-22 16:30:13.176  WARN 16832 --- [    Test worker] JpaBaseConfiguration$JpaWebConfiguration : spring.jpa.open-in-view is enabled by default. Therefore, database queries may be performed during view rendering. Explicitly configure spring.jpa.open-in-view to disable this warning
2021-04-22 16:30:13.461  INFO 16832 --- [    Test worker] o.s.s.concurrent.ThreadPoolTaskExecutor  : Initializing ExecutorService 'applicationTaskExecutor'
2021-04-22 16:30:14.300  INFO 16832 --- [    Test worker] c.r.backend.BackendApplicationTests      : Started BackendApplicationTests in 6.922 seconds (JVM running for 8.069)
]]></system-out>
  <system-err><![CDATA[]]></system-err>
</testsuite>
